2021-07-04 04:02:38.939  INFO 1216 --- [main] com.home.thc.THCApplication              : Starting THCApplication using Java 16.0.1 on DESKTOP-PB1MEOI with PID 1216 (E:\Egen\Finale\THC-HOME\THC\build\classes\java\main started by nikun in E:\Egen\Finale\THC-HOME)
2021-07-04 04:02:38.986  INFO 1216 --- [main] com.home.thc.THCApplication              : The following profiles are active: local
2021-07-04 04:02:40.630  INFO 1216 --- [main] .s.d.r.c.RepositoryConfigurationDelegate : Multiple Spring Data modules found, entering strict repository configuration mode!
2021-07-04 04:02:40.631  INFO 1216 --- [main] .s.d.r.c.RepositoryConfigurationDelegate : Bootstrapping Spring Data JDBC repositories in DEFAULT mode.
2021-07-04 04:02:40.667  INFO 1216 --- [main] .RepositoryConfigurationExtensionSupport : Spring Data JDBC - Could not safely identify store assignment for repository candidate interface com.home.thc.Repository.InterceptorRepository. If you want this repository to be a JDBC repository, consider annotating your entities with one of these annotations: org.springframework.data.relational.core.mapping.Table.
2021-07-04 04:02:40.670  INFO 1216 --- [main] .RepositoryConfigurationExtensionSupport : Spring Data JDBC - Could not safely identify store assignment for repository candidate interface com.home.thc.Repository.LocationRepository. If you want this repository to be a JDBC repository, consider annotating your entities with one of these annotations: org.springframework.data.relational.core.mapping.Table.
2021-07-04 04:02:40.672  INFO 1216 --- [main] .RepositoryConfigurationExtensionSupport : Spring Data JDBC - Could not safely identify store assignment for repository candidate interface com.home.thc.Repository.MenuRepository. If you want this repository to be a JDBC repository, consider annotating your entities with one of these annotations: org.springframework.data.relational.core.mapping.Table.
2021-07-04 04:02:40.682  INFO 1216 --- [main] .RepositoryConfigurationExtensionSupport : Spring Data JDBC - Could not safely identify store assignment for repository candidate interface com.home.thc.Repository.OpenHoursRepository. If you want this repository to be a JDBC repository, consider annotating your entities with one of these annotations: org.springframework.data.relational.core.mapping.Table.
2021-07-04 04:02:40.685  INFO 1216 --- [main] .RepositoryConfigurationExtensionSupport : Spring Data JDBC - Could not safely identify store assignment for repository candidate interface com.home.thc.Repository.ReservationsRepository. If you want this repository to be a JDBC repository, consider annotating your entities with one of these annotations: org.springframework.data.relational.core.mapping.Table.
2021-07-04 04:02:40.686  INFO 1216 --- [main] .s.d.r.c.RepositoryConfigurationDelegate : Finished Spring Data repository scanning in 49 ms. Found 0 JDBC repository interfaces.
2021-07-04 04:02:40.702  INFO 1216 --- [main] .s.d.r.c.RepositoryConfigurationDelegate : Multiple Spring Data modules found, entering strict repository configuration mode!
2021-07-04 04:02:40.702  INFO 1216 --- [main] .s.d.r.c.RepositoryConfigurationDelegate : Bootstrapping Spring Data JPA repositories in DEFAULT mode.
2021-07-04 04:02:40.758  INFO 1216 --- [main] .s.d.r.c.RepositoryConfigurationDelegate : Finished Spring Data repository scanning in 51 ms. Found 5 JPA repository interfaces.
2021-07-04 04:02:41.373  INFO 1216 --- [main] o.s.b.w.embedded.tomcat.TomcatWebServer  : Tomcat initialized with port(s): 8080 (http)
2021-07-04 04:02:41.382  INFO 1216 --- [main] o.apache.catalina.core.StandardService   : Starting service [Tomcat]
2021-07-04 04:02:41.382  INFO 1216 --- [main] org.apache.catalina.core.StandardEngine  : Starting Servlet engine: [Apache Tomcat/9.0.48]
2021-07-04 04:02:41.538  INFO 1216 --- [main] o.a.c.c.C.[Tomcat].[localhost].[/api]    : Initializing Spring embedded WebApplicationContext
2021-07-04 04:02:41.538  INFO 1216 --- [main] w.s.c.ServletWebServerApplicationContext : Root WebApplicationContext: initialization completed in 2483 ms
2021-07-04 04:02:41.896  INFO 1216 --- [main] o.hibernate.jpa.internal.util.LogHelper  : HHH000204: Processing PersistenceUnitInfo [name: default]
2021-07-04 04:02:41.950  INFO 1216 --- [main] org.hibernate.Version                    : HHH000412: Hibernate ORM core version 5.4.32.Final
2021-07-04 04:02:42.079  INFO 1216 --- [main] o.hibernate.annotations.common.Version   : HCANN000001: Hibernate Commons Annotations {5.1.2.Final}
2021-07-04 04:02:42.184  INFO 1216 --- [main] com.zaxxer.hikari.HikariDataSource       : HikariPool-1 - Starting...
2021-07-04 04:02:42.492  INFO 1216 --- [main] com.zaxxer.hikari.HikariDataSource       : HikariPool-1 - Start completed.
2021-07-04 04:02:42.513  INFO 1216 --- [main] org.hibernate.dialect.Dialect            : HHH000400: Using dialect: org.hibernate.dialect.SQLServer2012Dialect
2021-07-04 04:02:43.513  INFO 1216 --- [main] o.h.e.t.j.p.i.JtaPlatformInitiator       : HHH000490: Using JtaPlatform implementation: [org.hibernate.engine.transaction.jta.platform.internal.NoJtaPlatform]
2021-07-04 04:02:43.522  INFO 1216 --- [main] j.LocalContainerEntityManagerFactoryBean : Initialized JPA EntityManagerFactory for persistence unit 'default'
2021-07-04 04:02:43.846  WARN 1216 --- [main] JpaBaseConfiguration$JpaWebConfiguration : spring.jpa.open-in-view is enabled by default. Therefore, database queries may be performed during view rendering. Explicitly configure spring.jpa.open-in-view to disable this warning
2021-07-04 04:02:44.312  INFO 1216 --- [main] o.s.b.a.e.web.EndpointLinksResolver      : Exposing 2 endpoint(s) beneath base path '/actuator'
2021-07-04 04:02:44.385  INFO 1216 --- [main] pertySourcedRequestMappingHandlerMapping : Mapped URL path [/v2/api-docs] onto method [springfox.documentation.swagger2.web.Swagger2Controller#getDocumentation(String, HttpServletRequest)]
2021-07-04 04:02:44.811  INFO 1216 --- [main] .s.s.UserDetailsServiceAutoConfiguration : 

Using generated security password: e81a501d-de80-45bf-aaa1-96ecc6fe45f0

2021-07-04 04:02:44.874  INFO 1216 --- [main] o.s.s.web.DefaultSecurityFilterChain     : Will secure any request with [org.springframework.security.web.context.request.async.WebAsyncManagerIntegrationFilter@828e2d8, org.springframework.security.web.context.SecurityContextPersistenceFilter@788a7567, org.springframework.security.web.header.HeaderWriterFilter@7413c41, org.springframework.security.web.authentication.logout.LogoutFilter@1c74251b, org.springframework.security.web.savedrequest.RequestCacheAwareFilter@f5b81f4, org.springframework.security.web.servletapi.SecurityContextHolderAwareRequestFilter@465e9090, org.springframework.security.web.authentication.AnonymousAuthenticationFilter@43e9eddf, org.springframework.security.web.session.SessionManagementFilter@44252e9b, org.springframework.security.web.access.ExceptionTranslationFilter@54464330]
2021-07-04 04:02:44.967  INFO 1216 --- [main] o.s.b.w.embedded.tomcat.TomcatWebServer  : Tomcat started on port(s): 8080 (http) with context path '/api'
2021-07-04 04:02:44.969  INFO 1216 --- [main] d.s.w.p.DocumentationPluginsBootstrapper : Context refreshed
2021-07-04 04:02:44.994  INFO 1216 --- [main] d.s.w.p.DocumentationPluginsBootstrapper : Found 1 custom documentation plugin(s)
2021-07-04 04:02:45.026  INFO 1216 --- [main] s.d.s.w.s.ApiListingReferenceScanner     : Scanning for api listing references
2021-07-04 04:02:45.300  INFO 1216 --- [main] com.home.thc.THCApplication              : Started THCApplication in 6.978 seconds (JVM running for 7.972)
2021-07-04 04:02:45.706  INFO 1216 --- [RMI TCP Connection(1)-192.168.56.1] o.a.c.c.C.[Tomcat].[localhost].[/api]    : Initializing Spring DispatcherServlet 'dispatcherServlet'
2021-07-04 04:02:45.707  INFO 1216 --- [RMI TCP Connection(1)-192.168.56.1] o.s.web.servlet.DispatcherServlet        : Initializing Servlet 'dispatcherServlet'
2021-07-04 04:02:45.711  INFO 1216 --- [RMI TCP Connection(1)-192.168.56.1] o.s.web.servlet.DispatcherServlet        : Completed initialization in 4 ms
2021-07-04 04:02:50.081  INFO 1216 --- [http-nio-8080-exec-1] c.h.t.I.ExecutionTimeInterceptor         : Request URL: http://localhost:8080/api/swagger-ui.html
2021-07-04 04:02:50.082  INFO 1216 --- [http-nio-8080-exec-1] c.h.t.I.ExecutionTimeInterceptor         : Total Time Taken: 18
2021-07-04 04:02:50.246  INFO 1216 --- [http-nio-8080-exec-2] c.h.t.I.ExecutionTimeInterceptor         : Request URL: http://localhost:8080/api/webjars/springfox-swagger-ui/springfox.css
2021-07-04 04:02:50.246  INFO 1216 --- [http-nio-8080-exec-2] c.h.t.I.ExecutionTimeInterceptor         : Total Time Taken: 3
2021-07-04 04:02:50.253  INFO 1216 --- [http-nio-8080-exec-4] c.h.t.I.ExecutionTimeInterceptor         : Request URL: http://localhost:8080/api/webjars/springfox-swagger-ui/swagger-ui.css
2021-07-04 04:02:50.253  INFO 1216 --- [http-nio-8080-exec-4] c.h.t.I.ExecutionTimeInterceptor         : Total Time Taken: 9
2021-07-04 04:02:50.267  INFO 1216 --- [http-nio-8080-exec-5] c.h.t.I.ExecutionTimeInterceptor         : Request URL: http://localhost:8080/api/webjars/springfox-swagger-ui/swagger-ui-standalone-preset.js
2021-07-04 04:02:50.267  INFO 1216 --- [http-nio-8080-exec-2] c.h.t.I.ExecutionTimeInterceptor         : Request URL: http://localhost:8080/api/webjars/springfox-swagger-ui/springfox.js
2021-07-04 04:02:50.267  INFO 1216 --- [http-nio-8080-exec-5] c.h.t.I.ExecutionTimeInterceptor         : Total Time Taken: 17
2021-07-04 04:02:50.267  INFO 1216 --- [http-nio-8080-exec-2] c.h.t.I.ExecutionTimeInterceptor         : Total Time Taken: 6
2021-07-04 04:02:50.282  INFO 1216 --- [http-nio-8080-exec-3] c.h.t.I.ExecutionTimeInterceptor         : Request URL: http://localhost:8080/api/webjars/springfox-swagger-ui/swagger-ui-bundle.js
2021-07-04 04:02:50.282  INFO 1216 --- [http-nio-8080-exec-3] c.h.t.I.ExecutionTimeInterceptor         : Total Time Taken: 35
2021-07-04 04:02:50.584  INFO 1216 --- [http-nio-8080-exec-6] c.h.t.I.ExecutionTimeInterceptor         : Request URL: http://localhost:8080/api/webjars/springfox-swagger-ui/favicon-16x16.png
2021-07-04 04:02:50.585  INFO 1216 --- [http-nio-8080-exec-6] c.h.t.I.ExecutionTimeInterceptor         : Total Time Taken: 2
2021-07-04 04:02:50.641  INFO 1216 --- [http-nio-8080-exec-7] c.h.t.I.ExecutionTimeInterceptor         : Request URL: http://localhost:8080/api/swagger-resources/configuration/ui
2021-07-04 04:02:50.641  INFO 1216 --- [http-nio-8080-exec-7] c.h.t.I.ExecutionTimeInterceptor         : Total Time Taken: 42
2021-07-04 04:02:50.662  INFO 1216 --- [http-nio-8080-exec-8] c.h.t.I.ExecutionTimeInterceptor         : Request URL: http://localhost:8080/api/swagger-resources/configuration/security
2021-07-04 04:02:50.662  INFO 1216 --- [http-nio-8080-exec-8] c.h.t.I.ExecutionTimeInterceptor         : Total Time Taken: 5
2021-07-04 04:02:50.678  INFO 1216 --- [http-nio-8080-exec-9] c.h.t.I.ExecutionTimeInterceptor         : Request URL: http://localhost:8080/api/swagger-resources
2021-07-04 04:02:50.678  INFO 1216 --- [http-nio-8080-exec-9] c.h.t.I.ExecutionTimeInterceptor         : Total Time Taken: 4
2021-07-04 04:02:50.733  INFO 1216 --- [http-nio-8080-exec-1] c.h.t.I.ExecutionTimeInterceptor         : Request URL: http://localhost:8080/api/
2021-07-04 04:02:50.733  INFO 1216 --- [http-nio-8080-exec-1] c.h.t.I.ExecutionTimeInterceptor         : Total Time Taken: 1
2021-07-04 04:02:50.746  INFO 1216 --- [http-nio-8080-exec-4] c.h.t.I.ExecutionTimeInterceptor         : Request URL: http://localhost:8080/api/webjars/springfox-swagger-ui/fonts/open-sans-v15-latin-regular.woff2
2021-07-04 04:02:50.746  INFO 1216 --- [http-nio-8080-exec-4] c.h.t.I.ExecutionTimeInterceptor         : Total Time Taken: 4
2021-07-04 04:02:50.747  INFO 1216 --- [http-nio-8080-exec-5] c.h.t.I.ExecutionTimeInterceptor         : Request URL: http://localhost:8080/api/webjars/springfox-swagger-ui/fonts/titillium-web-v6-latin-700.woff2
2021-07-04 04:02:50.748  INFO 1216 --- [http-nio-8080-exec-5] c.h.t.I.ExecutionTimeInterceptor         : Total Time Taken: 4
2021-07-04 04:02:50.757  INFO 1216 --- [http-nio-8080-exec-1] c.h.t.I.ExecutionTimeInterceptor         : Request URL: http://localhost:8080/api/error
2021-07-04 04:02:50.757  INFO 1216 --- [http-nio-8080-exec-1] c.h.t.I.ExecutionTimeInterceptor         : Total Time Taken: 9
2021-07-04 04:02:50.767  INFO 1216 --- [http-nio-8080-exec-2] c.h.t.I.ExecutionTimeInterceptor         : Request URL: http://localhost:8080/api/csrf
2021-07-04 04:02:50.768  INFO 1216 --- [http-nio-8080-exec-2] c.h.t.I.ExecutionTimeInterceptor         : Total Time Taken: 2
2021-07-04 04:02:50.779  INFO 1216 --- [http-nio-8080-exec-2] c.h.t.I.ExecutionTimeInterceptor         : Request URL: http://localhost:8080/api/error
2021-07-04 04:02:50.779  INFO 1216 --- [http-nio-8080-exec-2] c.h.t.I.ExecutionTimeInterceptor         : Total Time Taken: 3
2021-07-04 04:02:51.032  INFO 1216 --- [http-nio-8080-exec-3] c.h.t.I.ExecutionTimeInterceptor         : Request URL: http://localhost:8080/api/webjars/springfox-swagger-ui/fonts/open-sans-v15-latin-700.woff2
2021-07-04 04:02:51.032  INFO 1216 --- [http-nio-8080-exec-6] c.h.t.I.ExecutionTimeInterceptor         : Request URL: http://localhost:8080/api/webjars/springfox-swagger-ui/fonts/source-code-pro-v7-latin-300.woff2
2021-07-04 04:02:51.032  INFO 1216 --- [http-nio-8080-exec-3] c.h.t.I.ExecutionTimeInterceptor         : Total Time Taken: 3
2021-07-04 04:02:51.032  INFO 1216 --- [http-nio-8080-exec-6] c.h.t.I.ExecutionTimeInterceptor         : Total Time Taken: 4
2021-07-04 04:02:52.585  INFO 1216 --- [http-nio-8080-exec-7] c.h.t.I.ExecutionTimeInterceptor         : Request URL: http://localhost:8080/api/webjars/springfox-swagger-ui/fonts/source-code-pro-v7-latin-600.woff2
2021-07-04 04:02:52.585  INFO 1216 --- [http-nio-8080-exec-7] c.h.t.I.ExecutionTimeInterceptor         : Total Time Taken: 2
2021-07-04 04:02:54.258  INFO 1216 --- [http-nio-8080-exec-8] c.h.t.I.ExecutionTimeInterceptor         : Request URL: http://localhost:8080/api/webjars/springfox-swagger-ui/fonts/titillium-web-v6-latin-regular.woff2
2021-07-04 04:02:54.259  INFO 1216 --- [http-nio-8080-exec-8] c.h.t.I.ExecutionTimeInterceptor         : Total Time Taken: 2
2021-07-04 04:03:21.182  INFO 1216 --- [http-nio-8080-exec-9] o.a.k.clients.producer.ProducerConfig    : ProducerConfig values: 
	acks = 1
	batch.size = 16384
	bootstrap.servers = [localhost:9092]
	buffer.memory = 33554432
	client.dns.lookup = use_all_dns_ips
	client.id = producer-1
	compression.type = none
	connections.max.idle.ms = 540000
	delivery.timeout.ms = 120000
	enable.idempotence = false
	interceptor.classes = []
	internal.auto.downgrade.txn.commit = true
	key.serializer = class org.apache.kafka.common.serialization.StringSerializer
	linger.ms = 0
	max.block.ms = 60000
	max.in.flight.requests.per.connection = 5
	max.request.size = 1048576
	metadata.max.age.ms = 300000
	metadata.max.idle.ms = 300000
	metric.reporters = []
	metrics.num.samples = 2
	metrics.recording.level = INFO
	metrics.sample.window.ms = 30000
	partitioner.class = class org.apache.kafka.clients.producer.internals.DefaultPartitioner
	receive.buffer.bytes = 32768
	reconnect.backoff.max.ms = 1000
	reconnect.backoff.ms = 50
	request.timeout.ms = 30000
	retries = 2147483647
	retry.backoff.ms = 100
	sasl.client.callback.handler.class = null
	sasl.jaas.config = null
	sasl.kerberos.kinit.cmd = /usr/bin/kinit
	sasl.kerberos.min.time.before.relogin = 60000
	sasl.kerberos.service.name = null
	sasl.kerberos.ticket.renew.jitter = 0.05
	sasl.kerberos.ticket.renew.window.factor = 0.8
	sasl.login.callback.handler.class = null
	sasl.login.class = null
	sasl.login.refresh.buffer.seconds = 300
	sasl.login.refresh.min.period.seconds = 60
	sasl.login.refresh.window.factor = 0.8
	sasl.login.refresh.window.jitter = 0.05
	sasl.mechanism = GSSAPI
	security.protocol = PLAINTEXT
	security.providers = null
	send.buffer.bytes = 131072
	socket.connection.setup.timeout.max.ms = 127000
	socket.connection.setup.timeout.ms = 10000
	ssl.cipher.suites = null
	ssl.enabled.protocols = [TLSv1.2, TLSv1.3]
	ssl.endpoint.identification.algorithm = https
	ssl.engine.factory.class = null
	ssl.key.password = null
	ssl.keymanager.algorithm = SunX509
	ssl.keystore.certificate.chain = null
	ssl.keystore.key = null
	ssl.keystore.location = null
	ssl.keystore.password = null
	ssl.keystore.type = JKS
	ssl.protocol = TLSv1.3
	ssl.provider = null
	ssl.secure.random.implementation = null
	ssl.trustmanager.algorithm = PKIX
	ssl.truststore.certificates = null
	ssl.truststore.location = null
	ssl.truststore.password = null
	ssl.truststore.type = JKS
	transaction.timeout.ms = 60000
	transactional.id = null
	value.serializer = class org.springframework.kafka.support.serializer.JsonSerializer

2021-07-04 04:03:21.263  INFO 1216 --- [http-nio-8080-exec-9] o.a.kafka.common.utils.AppInfoParser     : Kafka version: 2.7.1
2021-07-04 04:03:21.263  INFO 1216 --- [http-nio-8080-exec-9] o.a.kafka.common.utils.AppInfoParser     : Kafka commitId: 61dbce85d0d41457
2021-07-04 04:03:21.263  INFO 1216 --- [http-nio-8080-exec-9] o.a.kafka.common.utils.AppInfoParser     : Kafka startTimeMs: 1625385801260
2021-07-04 04:03:21.929  WARN 1216 --- [kafka-producer-network-thread | producer-1] org.apache.kafka.clients.NetworkClient   : [Producer clientId=producer-1] Error while fetching metadata with correlation id 1 : {Kafka_Example=LEADER_NOT_AVAILABLE}
2021-07-04 04:03:21.931  INFO 1216 --- [kafka-producer-network-thread | producer-1] org.apache.kafka.clients.Metadata        : [Producer clientId=producer-1] Cluster ID: kKc9RWWCQU6WB00--no3lQ
2021-07-04 04:03:22.034  WARN 1216 --- [kafka-producer-network-thread | producer-1] org.apache.kafka.clients.NetworkClient   : [Producer clientId=producer-1] Error while fetching metadata with correlation id 3 : {Kafka_Example=LEADER_NOT_AVAILABLE}
2021-07-04 04:03:22.141  WARN 1216 --- [kafka-producer-network-thread | producer-1] org.apache.kafka.clients.NetworkClient   : [Producer clientId=producer-1] Error while fetching metadata with correlation id 4 : {Kafka_Example=LEADER_NOT_AVAILABLE}
2021-07-04 04:03:22.255  WARN 1216 --- [kafka-producer-network-thread | producer-1] org.apache.kafka.clients.NetworkClient   : [Producer clientId=producer-1] Error while fetching metadata with correlation id 5 : {Kafka_Example=LEADER_NOT_AVAILABLE}
2021-07-04 04:03:22.365  WARN 1216 --- [kafka-producer-network-thread | producer-1] org.apache.kafka.clients.NetworkClient   : [Producer clientId=producer-1] Error while fetching metadata with correlation id 6 : {Kafka_Example=LEADER_NOT_AVAILABLE}
2021-07-04 04:03:22.490  INFO 1216 --- [http-nio-8080-exec-9] c.h.t.I.ExecutionTimeInterceptor         : Request URL: http://localhost:8080/api/kafka/publish/rio
2021-07-04 04:03:22.490  INFO 1216 --- [http-nio-8080-exec-9] c.h.t.I.ExecutionTimeInterceptor         : Total Time Taken: 1343
2021-07-04 04:03:22.554  INFO 1216 --- [http-nio-8080-exec-4] c.h.t.I.ExecutionTimeInterceptor         : Request URL: http://localhost:8080/api/webjars/springfox-swagger-ui/fonts/titillium-web-v6-latin-600.woff2
2021-07-04 04:03:22.554  INFO 1216 --- [http-nio-8080-exec-4] c.h.t.I.ExecutionTimeInterceptor         : Total Time Taken: 2
